<?xml version="1.0" encoding="UTF-8"?>
<!-- Generated by org.testng.reporters.JUnitXMLReporter -->
<testsuite ignored="6" hostname="GRAB-CND2108NCQ" failures="0" tests="3" name="Test" time="0.071" errors="0" timestamp="2023-05-28T08:57:11 IST">
  <testcase classname="testng.Grouping" name="signupbyfacebook" time="0.012"/>
  <testcase classname="testng.Grouping" name="signupbytwitter" time="0.001"/>
  <testcase classname="testng.Grouping" name="paymentreturnbybank" time="0.0"/>
  <testcase classname="testng.Grouping" name="loginbytwitter" time="0.0">
    <ignored/>
  </testcase> <!-- loginbytwitter -->
  <testcase classname="testng.Grouping" name="loginbyfacebook" time="0.0">
    <ignored/>
  </testcase> <!-- loginbyfacebook -->
  <testcase classname="testng.Grouping" name="paymentindollar" time="0.0">
    <ignored/>
  </testcase> <!-- paymentindollar -->
  <testcase classname="testng.Grouping" name="loginbyemai" time="0.0">
    <ignored/>
  </testcase> <!-- loginbyemai -->
  <testcase classname="testng.Grouping" name="signupbyemail" time="0.0">
    <ignored/>
  </testcase> <!-- signupbyemail -->
  <testcase classname="testng.Grouping" name="paymentinrupees" time="0.0">
    <ignored/>
  </testcase> <!-- paymentinrupees -->
</testsuite> <!-- Test -->
