<?xml version="1.0" encoding="UTF-8"?>
<testng-results ignored="6" total="9" passed="3" failed="0" skipped="0">
  <reporter-output>
  </reporter-output>
  <suite started-at="2023-05-28T08:57:11 IST" name="Suite" finished-at="2023-05-28T08:57:11 IST" duration-ms="71">
    <groups>
      <group name="regression">
        <method signature="Grouping.signupbyfacebook()[pri:5, instance:testng.Grouping@51c668e3]" name="signupbyfacebook" class="testng.Grouping"/>
        <method signature="Grouping.signupbytwitter()[pri:6, instance:testng.Grouping@51c668e3]" name="signupbytwitter" class="testng.Grouping"/>
        <method signature="Grouping.paymentreturnbybank()[pri:9, instance:testng.Grouping@51c668e3]" name="paymentreturnbybank" class="testng.Grouping"/>
      </group> <!-- regression -->
    </groups>
    <test started-at="2023-05-28T08:57:11 IST" name="Test" finished-at="2023-05-28T08:57:11 IST" duration-ms="71">
      <class name="testng.Grouping">
        <test-method signature="signupbyfacebook()[pri:5, instance:testng.Grouping@51c668e3]" started-at="2023-05-28T08:57:11 IST" name="signupbyfacebook" finished-at="2023-05-28T08:57:11 IST" duration-ms="12" status="PASS">
          <reporter-output>
          </reporter-output>
        </test-method> <!-- signupbyfacebook -->
        <test-method signature="signupbytwitter()[pri:6, instance:testng.Grouping@51c668e3]" started-at="2023-05-28T08:57:11 IST" name="signupbytwitter" finished-at="2023-05-28T08:57:11 IST" duration-ms="1" status="PASS">
          <reporter-output>
          </reporter-output>
        </test-method> <!-- signupbytwitter -->
        <test-method signature="paymentreturnbybank()[pri:9, instance:testng.Grouping@51c668e3]" started-at="2023-05-28T08:57:11 IST" name="paymentreturnbybank" finished-at="2023-05-28T08:57:11 IST" duration-ms="0" status="PASS">
          <reporter-output>
          </reporter-output>
        </test-method> <!-- paymentreturnbybank -->
      </class> <!-- testng.Grouping -->
    </test> <!-- Test -->
  </suite> <!-- Suite -->
</testng-results>
